%!Adobe-FontList 1.20
%Locale:0x409

%BeginFont
Handler:DirectoryHandler
FontType:Suitcase
FontName:Utopia-SemiboldItalic
OutlineFileName:/Users/dominiquedemoe/Downloads/Final TypeGrid Poster 2019 Folder/Document fonts/Utopia
ResourceID:14551
MacStyle:0
FileLength:228976
FileModTime:-308391478
%EndFont

%BeginFont
Handler:DirectoryHandler
FontType:Suitcase
FontName:Utopia-Semibold
OutlineFileName:/Users/dominiquedemoe/Downloads/Final TypeGrid Poster 2019 Folder/Document fonts/Utopia
ResourceID:14552
MacStyle:0
FileLength:228976
FileModTime:-308391478
%EndFont

%BeginFont
Handler:DirectoryHandler
FontType:Suitcase
FontName:Utopia-SemiboldItalic
OutlineFileName:/Users/dominiquedemoe/Downloads/Final TypeGrid Poster 2019 Folder/Document fonts/Utopia
ResourceID:14552
MacStyle:2
FileLength:228976
FileModTime:-308391478
%EndFont

%BeginFont
Handler:DirectoryHandler
FontType:Suitcase
FontName:Utopia-Regular
OutlineFileName:/Users/dominiquedemoe/Downloads/Final TypeGrid Poster 2019 Folder/Document fonts/Utopia
ResourceID:14553
MacStyle:0
FileLength:228976
FileModTime:-308391478
%EndFont

%BeginFont
Handler:DirectoryHandler
FontType:Suitcase
FontName:Utopia-Semibold
OutlineFileName:/Users/dominiquedemoe/Downloads/Final TypeGrid Poster 2019 Folder/Document fonts/Utopia
ResourceID:14553
MacStyle:1
FileLength:228976
FileModTime:-308391478
%EndFont

%BeginFont
Handler:DirectoryHandler
FontType:Suitcase
FontName:Utopia-Italic
OutlineFileName:/Users/dominiquedemoe/Downloads/Final TypeGrid Poster 2019 Folder/Document fonts/Utopia
ResourceID:14553
MacStyle:2
FileLength:228976
FileModTime:-308391478
%EndFont

%BeginFont
Handler:DirectoryHandler
FontType:Suitcase
FontName:Utopia-SemiboldItalic
OutlineFileName:/Users/dominiquedemoe/Downloads/Final TypeGrid Poster 2019 Folder/Document fonts/Utopia
ResourceID:14553
MacStyle:3
FileLength:228976
FileModTime:-308391478
%EndFont

%BeginFont
Handler:DirectoryHandler
FontType:Suitcase
FontName:Utopia-Italic
OutlineFileName:/Users/dominiquedemoe/Downloads/Final TypeGrid Poster 2019 Folder/Document fonts/Utopia
ResourceID:14554
MacStyle:0
FileLength:228976
FileModTime:-308391478
%EndFont

%BeginFont
Handler:DirectoryHandler
FontType:Suitcase
FontName:Utopia-SemiboldItalic
OutlineFileName:/Users/dominiquedemoe/Downloads/Final TypeGrid Poster 2019 Folder/Document fonts/Utopia
ResourceID:14554
MacStyle:1
FileLength:228976
FileModTime:-308391478
%EndFont

%BeginFont
Handler:DirectoryHandler
FontType:Suitcase
FontName:Utopia-BoldItalic
OutlineFileName:/Users/dominiquedemoe/Downloads/Final TypeGrid Poster 2019 Folder/Document fonts/Utopia
ResourceID:14555
MacStyle:0
FileLength:228976
FileModTime:-308391478
%EndFont

%BeginFont
Handler:DirectoryHandler
FontType:Suitcase
FontName:Utopia-Bold
OutlineFileName:/Users/dominiquedemoe/Downloads/Final TypeGrid Poster 2019 Folder/Document fonts/Utopia
ResourceID:14556
MacStyle:0
FileLength:228976
FileModTime:-308391478
%EndFont

%BeginFont
Handler:DirectoryHandler
FontType:Suitcase
FontName:Utopia-BoldItalic
OutlineFileName:/Users/dominiquedemoe/Downloads/Final TypeGrid Poster 2019 Folder/Document fonts/Utopia
ResourceID:14556
MacStyle:2
FileLength:228976
FileModTime:-308391478
%EndFont

%BeginFont
Handler:DirectoryHandler
FontType:Suitcase
FontName:Utopia-Black
OutlineFileName:/Users/dominiquedemoe/Downloads/Final TypeGrid Poster 2019 Folder/Document fonts/Utopia
ResourceID:14557
MacStyle:0
FileLength:228976
FileModTime:-308391478
%EndFont

%BeginFont
Handler:DirectoryHandler
FontType:Invalid
OutlineFileName:/Users/dominiquedemoe/Downloads/Final TypeGrid Poster 2019 Folder/Document fonts/AdobeFnt21.lst
FileLength:7595
FileModTime:578112748
%EndFont

%BeginFont
Handler:DirectoryHandler
FontType:TrueType
FontName:Futura-Medium
FamilyName:Futura
StyleName:Medium
MenuName:Futura
StyleBits:0
WeightClass:500
WidthClass:5
AngleClass:0
FullName:Futura Medium
WritingScript:Roman
OutlineFileName:/Users/dominiquedemoe/Downloads/Final TypeGrid Poster 2019 Folder/Document fonts/Futura.ttc
TTCOffset:44
DataFormat:sfntData
hasSVG:no
VariableFontType:NonVariableFont
FileLength:486592
FileModTime:556235900
NameArray:0,Mac,4,Futura Medium
%EndFont

%BeginFont
Handler:DirectoryHandler
FontType:TrueType
FontName:Futura-MediumItalic
FamilyName:Futura
StyleName:Medium Italic
MenuName:Futura
StyleBits:1
WeightClass:500
WidthClass:5
AngleClass:1
FullName:Futura Medium Italic
WritingScript:Roman
OutlineFileName:/Users/dominiquedemoe/Downloads/Final TypeGrid Poster 2019 Folder/Document fonts/Futura.ttc
TTCOffset:328
DataFormat:sfntData
hasSVG:no
VariableFontType:NonVariableFont
FileLength:486592
FileModTime:556235900
NameArray:0,Mac,4,Futura Medium Italic
%EndFont

%BeginFont
Handler:DirectoryHandler
FontType:TrueType
FontName:Futura-Bold
FamilyName:Futura
StyleName:Bold
MenuName:Futura
StyleBits:2
WeightClass:700
WidthClass:5
AngleClass:0
FullName:Futura Bold
WritingScript:Roman
OutlineFileName:/Users/dominiquedemoe/Downloads/Final TypeGrid Poster 2019 Folder/Document fonts/Futura.ttc
TTCOffset:612
DataFormat:sfntData
hasSVG:no
VariableFontType:NonVariableFont
FileLength:486592
FileModTime:556235900
NameArray:0,Mac,4,Futura Bold
%EndFont

%BeginFont
Handler:DirectoryHandler
FontType:TrueType
FontName:Futura-CondensedMedium
FamilyName:Futura
StyleName:Condensed Medium
MenuName:Futura
StyleBits:0
WeightClass:500
WidthClass:3
AngleClass:0
FullName:Futura Condensed Medium
WritingScript:Roman
OutlineFileName:/Users/dominiquedemoe/Downloads/Final TypeGrid Poster 2019 Folder/Document fonts/Futura.ttc
TTCOffset:912
DataFormat:sfntData
hasSVG:no
VariableFontType:NonVariableFont
FileLength:486592
FileModTime:556235900
NameArray:0,Mac,4,Futura Condensed Medium
%EndFont

%BeginFont
Handler:DirectoryHandler
FontType:TrueType
FontName:Futura-CondensedExtraBold
FamilyName:Futura
StyleName:Condensed ExtraBold
MenuName:Futura
StyleBits:2
WeightClass:800
WidthClass:3
AngleClass:0
FullName:Futura Condensed ExtraBold
WritingScript:Roman
OutlineFileName:/Users/dominiquedemoe/Downloads/Final TypeGrid Poster 2019 Folder/Document fonts/Futura.ttc
TTCOffset:1196
DataFormat:sfntData
hasSVG:no
VariableFontType:NonVariableFont
FileLength:486592
FileModTime:556235900
NameArray:0,Mac,4,Futura Condensed ExtraBold
%EndFont

%BeginFont
Handler:DirectoryHandler
FontType:Type1
FontName:MinionPro-Regular
FamilyName:Minion Pro
StyleName:Regular
MenuName:Minion Pro
StyleBits:0
WeightClass:400
WidthClass:5
AngleClass:0
FullName:Minion Pro
WritingScript:Roman
OutlineFileName:/Users/dominiquedemoe/Downloads/Final TypeGrid Poster 2019 Folder/Document fonts/MinionPro-Regular.otf
DataFormat:sfntData
UsesStandardEncoding:yes
isCFF:yes
hasSVG:no
VariableFontType:NonVariableFont
FileLength:218640
FileModTime:576016133
DesignSize:110
NameArray:0,Mac,4,Minion Pro
NameArray:0,Win,1,Minion Pro
%EndFont

%BeginFont
Handler:DirectoryHandler
FontType:Type1
FontName:Utopia-Regular
FamilyName:Utopia
StyleName:Regular
MenuName:Utopia
StyleBits:0
WeightClass:400
WidthClass:5
AngleClass:0
FullName:Utopia Regular
WritingScript:Roman
OutlineFileName:/Users/dominiquedemoe/Downloads/Final TypeGrid Poster 2019 Folder/Document fonts/UtopiReg
DataFormat:POSTResource
UsesStandardEncoding:yes
isCFF:no
hasSVG:no
VariableFontType:NonVariableFont
FileLength:40425
FileModTime:-331015207
DesignSize:-1
%EndFont

%BeginFont
Handler:DirectoryHandler
FontType:Type1
FontName:Utopia-Semibold
FamilyName:Utopia
StyleName:Semibold
MenuName:Utopia
StyleBits:2
WeightClass:600
WidthClass:5
AngleClass:0
FullName:Utopia Semibold
WritingScript:Roman
OutlineFileName:/Users/dominiquedemoe/Downloads/Final TypeGrid Poster 2019 Folder/Document fonts/UtopiSem
DataFormat:POSTResource
UsesStandardEncoding:yes
isCFF:no
hasSVG:no
VariableFontType:NonVariableFont
FileLength:40695
FileModTime:-331015212
DesignSize:-1
%EndFont

