%!Adobe-FontList 1.20
%Locale:0x409

%BeginFont
Handler:DirectoryHandler
FontType:Invalid
OutlineFileName:/Users/dominiquedemoe/Desktop/Web Design/project3/assets/grid/Final TypeGrid Poster 12.11/Document fonts/Utopia
FileModTime:566224474
%EndFont

%BeginFont
Handler:DirectoryHandler
FontType:Invalid
OutlineFileName:/Users/dominiquedemoe/Desktop/Web Design/project3/assets/grid/Final TypeGrid Poster 12.11/Document fonts/AdobeFnt20.lst
FileLength:7469
FileModTime:566224478
%EndFont

%BeginFont
Handler:DirectoryHandler
FontType:Invalid
OutlineFileName:/Users/dominiquedemoe/Desktop/Web Design/project3/assets/grid/Final TypeGrid Poster 12.11/Document fonts/AdobeFnt21.lst
FileLength:4439
FileModTime:578244724
%EndFont

%BeginFont
Handler:DirectoryHandler
FontType:TrueType
FontName:Futura-Medium
FamilyName:Futura
StyleName:Medium
MenuName:Futura
StyleBits:0
WeightClass:500
WidthClass:5
AngleClass:0
FullName:Futura Medium
WritingScript:Roman
OutlineFileName:/Users/dominiquedemoe/Desktop/Web Design/project3/assets/grid/Final TypeGrid Poster 12.11/Document fonts/Futura.ttc
TTCOffset:44
DataFormat:sfntData
hasSVG:no
VariableFontType:NonVariableFont
FileLength:486592
FileModTime:566224478
NameArray:0,Mac,4,Futura Medium
%EndFont

%BeginFont
Handler:DirectoryHandler
FontType:TrueType
FontName:Futura-MediumItalic
FamilyName:Futura
StyleName:Medium Italic
MenuName:Futura
StyleBits:1
WeightClass:500
WidthClass:5
AngleClass:1
FullName:Futura Medium Italic
WritingScript:Roman
OutlineFileName:/Users/dominiquedemoe/Desktop/Web Design/project3/assets/grid/Final TypeGrid Poster 12.11/Document fonts/Futura.ttc
TTCOffset:328
DataFormat:sfntData
hasSVG:no
VariableFontType:NonVariableFont
FileLength:486592
FileModTime:566224478
NameArray:0,Mac,4,Futura Medium Italic
%EndFont

%BeginFont
Handler:DirectoryHandler
FontType:TrueType
FontName:Futura-Bold
FamilyName:Futura
StyleName:Bold
MenuName:Futura
StyleBits:2
WeightClass:700
WidthClass:5
AngleClass:0
FullName:Futura Bold
WritingScript:Roman
OutlineFileName:/Users/dominiquedemoe/Desktop/Web Design/project3/assets/grid/Final TypeGrid Poster 12.11/Document fonts/Futura.ttc
TTCOffset:612
DataFormat:sfntData
hasSVG:no
VariableFontType:NonVariableFont
FileLength:486592
FileModTime:566224478
NameArray:0,Mac,4,Futura Bold
%EndFont

%BeginFont
Handler:DirectoryHandler
FontType:TrueType
FontName:Futura-CondensedMedium
FamilyName:Futura
StyleName:Condensed Medium
MenuName:Futura
StyleBits:0
WeightClass:500
WidthClass:3
AngleClass:0
FullName:Futura Condensed Medium
WritingScript:Roman
OutlineFileName:/Users/dominiquedemoe/Desktop/Web Design/project3/assets/grid/Final TypeGrid Poster 12.11/Document fonts/Futura.ttc
TTCOffset:912
DataFormat:sfntData
hasSVG:no
VariableFontType:NonVariableFont
FileLength:486592
FileModTime:566224478
NameArray:0,Mac,4,Futura Condensed Medium
%EndFont

%BeginFont
Handler:DirectoryHandler
FontType:TrueType
FontName:Futura-CondensedExtraBold
FamilyName:Futura
StyleName:Condensed ExtraBold
MenuName:Futura
StyleBits:2
WeightClass:800
WidthClass:3
AngleClass:0
FullName:Futura Condensed ExtraBold
WritingScript:Roman
OutlineFileName:/Users/dominiquedemoe/Desktop/Web Design/project3/assets/grid/Final TypeGrid Poster 12.11/Document fonts/Futura.ttc
TTCOffset:1196
DataFormat:sfntData
hasSVG:no
VariableFontType:NonVariableFont
FileLength:486592
FileModTime:566224478
NameArray:0,Mac,4,Futura Condensed ExtraBold
%EndFont

%BeginFont
Handler:DirectoryHandler
FontType:Type1
FontName:MinionPro-Regular
FamilyName:Minion Pro
StyleName:Regular
MenuName:Minion Pro
StyleBits:0
WeightClass:400
WidthClass:5
AngleClass:0
FullName:Minion Pro
WritingScript:Roman
OutlineFileName:/Users/dominiquedemoe/Desktop/Web Design/project3/assets/grid/Final TypeGrid Poster 12.11/Document fonts/MinionPro-Regular.otf
DataFormat:sfntData
UsesStandardEncoding:yes
isCFF:yes
hasSVG:no
VariableFontType:NonVariableFont
FileLength:218640
FileModTime:566224478
DesignSize:110
NameArray:0,Mac,4,Minion Pro
NameArray:0,Win,1,Minion Pro
%EndFont

%BeginFont
Handler:DirectoryHandler
FontType:Invalid
OutlineFileName:/Users/dominiquedemoe/Desktop/Web Design/project3/assets/grid/Final TypeGrid Poster 12.11/Document fonts/UtopiReg
FileModTime:566224478
%EndFont

%BeginFont
Handler:DirectoryHandler
FontType:Invalid
OutlineFileName:/Users/dominiquedemoe/Desktop/Web Design/project3/assets/grid/Final TypeGrid Poster 12.11/Document fonts/UtopiSem
FileModTime:566224478
%EndFont

